#
# A fatal error has been detected by the Java Runtime Environment:
#
#  EXCEPTION_ACCESS_VIOLATION (0xc0000005) at pc=0x01d301d2, pid=2844, tid=0x0000287c
#
# JRE version: Java(TM) SE Runtime Environment (8.0_181-b13) (build 1.8.0_181-b13)
# Java VM: Java HotSpot(TM) Server VM (25.181-b13 mixed mode windows-x86 )
# Problematic frame:
# C  0x01d301d2
#
# Failed to write core dump. Minidumps are not enabled by default on client versions of Windows
#
# If you would like to submit a bug report, please visit:
#   http://bugreport.java.com/bugreport/crash.jsp
#

---------------  T H R E A D  ---------------

Current thread (0x24f73000):  JavaThread "C2 CompilerThread0" daemon [_thread_in_native, id=10364, stack(0x255e0000,0x25630000)]

siginfo: ExceptionCode=0xc0000005, ExceptionInformation=0x00000008 0x01d301d2

Registers:
EAX=0x01d301d2, EBX=0x27227354, ECX=0x27c40d34, EDX=0x6d7ceed4
ESP=0x2562de38, EBP=0x2562df30, ESI=0x00000015, EDI=0x00000000
EIP=0x01d301d2, EFLAGS=0x00010287

Top of Stack: (sp=0x2562de38)
0x2562de38:   6d62b668 279d0cf8 2562e748 279d0cf0
0x2562de48:   279d0cf8 80000000 29f79fe0 6d64bb9b
0x2562de58:   29f79fe0 00000000 00000000 000030e0
0x2562de68:   2562e010 0000000f 2a3b7f58 2aaab1d8
0x2562de78:   00000000 2a967378 2aaa6e68 2aaa9008
0x2562de88:   00000000 2a233d68 2a233d88 00000101
0x2562de98:   2aaab1a8 000076e0 005cb3f3 00000001
0x2562dea8:   0059b4f1 2aaada78 00000838 2aaada48 

Instructions: (pc=0x01d301d2)
0x01d301b2:   
[error occurred during error reporting (printing registers, top of stack, instructions near pc), id 0xc0000005]

Register to memory mapping:

EAX=0x01d301d2 is an unknown value
EBX=0x27227354 is an unknown value
ECX=0x27c40d34 is an unknown value
EDX=0x6d7ceed4 is an unknown value
ESP=0x2562de38 is pointing into the stack for thread: 0x24f73000
EBP=0x2562df30 is pointing into the stack for thread: 0x24f73000
ESI=0x00000015 is an unknown value
EDI=0x00000000 is an unknown value


Stack: [0x255e0000,0x25630000],  sp=0x2562de38,  free space=311k
Native frames: (J=compiled Java code, j=interpreted, Vv=VM code, C=native code)
C  0x01d301d2
V  [jvm.dll+0x31e3f3]
V  [jvm.dll+0x326f67]
V  [jvm.dll+0x3286c7]
V  [jvm.dll+0x311c26]
V  [jvm.dll+0x7c6ea]
V  [jvm.dll+0x7ce9f]
V  [jvm.dll+0x195a60]
V  [jvm.dll+0x1962ea]
V  [jvm.dll+0x1dbd16]
C  [msvcr100.dll+0x5c556]
C  [msvcr100.dll+0x5c600]
C  [KERNEL32.DLL+0x16739]
C  [ntdll.dll+0x68aff]
C  [ntdll.dll+0x68acd]
C  0x00000000


Current CompileTask:
C2:  42633 6110       4       org.antlr.v4.runtime.atn.ParserATNSimulator::closure_ (311 bytes)


---------------  P R O C E S S  ---------------

Java Threads: ( => current thread )
  0x2744c400 JavaThread "TooltipManager.displayTimer" [_thread_blocked, id=9704, stack(0x26b70000,0x26bc0000)]
  0x2744bc00 JavaThread "Portugol Núcleo (Thread de programa #0" [_thread_blocked, id=5396, stack(0x02f60000,0x02fb0000)]
  0x2744a400 JavaThread "pool-2-thread-1" [_thread_blocked, id=4592, stack(0x299b0000,0x29a00000)]
  0x2744b000 JavaThread "DestroyJavaVM" [_thread_blocked, id=4476, stack(0x03020000,0x03070000)]
  0x2744b800 JavaThread "pool-3-thread-1" [_thread_blocked, id=10744, stack(0x29960000,0x299b0000)]
  0x27449000 JavaThread "Swing-Shell" daemon [_thread_blocked, id=13248, stack(0x28510000,0x28560000)]
  0x27449800 JavaThread "TimerQueue" daemon [_thread_blocked, id=13096, stack(0x28480000,0x284d0000)]
  0x25b30000 JavaThread "Portugol-Studio (Swing)" [_thread_in_native, id=13216, stack(0x266c0000,0x26710000)]
  0x25aecc00 JavaThread "Portugol-Studio (Thread principal)" [_thread_in_native, id=6276, stack(0x26630000,0x26680000)]
  0x25b18c00 JavaThread "AWT-Windows" daemon [_thread_in_native, id=10536, stack(0x263b0000,0x26400000)]
  0x25b15400 JavaThread "AWT-Shutdown" [_thread_blocked, id=11728, stack(0x24700000,0x24750000)]
  0x25b14c00 JavaThread "Java2D Disposer" daemon [_thread_blocked, id=11928, stack(0x24670000,0x246c0000)]
  0x24f7b000 JavaThread "Service Thread" daemon [_thread_blocked, id=5048, stack(0x25920000,0x25970000)]
  0x24f7a000 JavaThread "C1 CompilerThread3" daemon [_thread_blocked, id=8456, stack(0x25790000,0x257e0000)]
  0x24f77800 JavaThread "C2 CompilerThread2" daemon [_thread_blocked, id=5264, stack(0x25700000,0x25750000)]
  0x24f73800 JavaThread "C2 CompilerThread1" daemon [_thread_blocked, id=10956, stack(0x25670000,0x256c0000)]
=>0x24f73000 JavaThread "C2 CompilerThread0" daemon [_thread_in_native, id=10364, stack(0x255e0000,0x25630000)]
  0x24f72800 JavaThread "Attach Listener" daemon [_thread_blocked, id=11932, stack(0x25550000,0x255a0000)]
  0x24f72000 JavaThread "Signal Dispatcher" daemon [_thread_blocked, id=8144, stack(0x254c0000,0x25510000)]
  0x23f07000 JavaThread "Surrogate Locker Thread (Concurrent GC)" daemon [_thread_blocked, id=10980, stack(0x245e0000,0x24630000)]
  0x24f71c00 JavaThread "Finalizer" daemon [_thread_blocked, id=11884, stack(0x24550000,0x245a0000)]
  0x24f71400 JavaThread "Reference Handler" daemon [_thread_blocked, id=6952, stack(0x244c0000,0x24510000)]

Other Threads:
  0x23eebc00 VMThread [stack: 0x24430000,0x24480000] [id=4700]
  0x24fecc00 WatcherThread [stack: 0x259b0000,0x25a00000] [id=5324]

VM state:not at safepoint (normal execution)

VM Mutex/Monitor currently owned by a thread: None

Heap:
 garbage-first heap   total 44032K, used 34983K [0x13200000, 0x133000ac, 0x23200000)
  region size 1024K, 2 young (2048K), 1 survivors (1024K)
 Metaspace       used 27636K, capacity 28001K, committed 28160K, reserved 29056K

Heap Regions: (Y=young(eden), SU=young(survivor), HS=humongous(starts), HC=humongous(continues), CS=collection set, F=free, TS=gc time stamp, PTAMS=previous top-at-mark-start, NTAMS=next top-at-mark-start)
AC   0 HS    TS     0 PTAMS 0x132f9730 NTAMS 0x132f9730 space 1024K,  97% used [0x13200000, 0x13300000)
AC   0  O    TS     0 PTAMS 0x133ffff0 NTAMS 0x133ffff0 space 1024K,  99% used [0x13300000, 0x13400000)
AC   0  O    TS     0 PTAMS 0x134ffb98 NTAMS 0x134ffb98 space 1024K,  99% used [0x13400000, 0x13500000)
AC   0  O    TS     0 PTAMS 0x135ffff8 NTAMS 0x135ffff8 space 1024K,  99% used [0x13500000, 0x13600000)
AC   0 HS    TS     0 PTAMS 0x136bfcb0 NTAMS 0x136bfcb0 space 1024K,  74% used [0x13600000, 0x13700000)
AC   0 HS    TS     0 PTAMS 0x137bfcb0 NTAMS 0x137bfcb0 space 1024K,  74% used [0x13700000, 0x13800000)
AC   0  O    TS     0 PTAMS 0x13900000 NTAMS 0x13900000 space 1024K, 100% used [0x13800000, 0x13900000)
AC   0  O    TS     0 PTAMS 0x139fffe8 NTAMS 0x139fffe8 space 1024K,  99% used [0x13900000, 0x13a00000)
AC   0  O    TS     0 PTAMS 0x13affe10 NTAMS 0x13affe10 space 1024K,  99% used [0x13a00000, 0x13b00000)
AC   0  O    TS     0 PTAMS 0x13bfc6b8 NTAMS 0x13bfc6b8 space 1024K,  98% used [0x13b00000, 0x13c00000)
AC   0 HS    TS     0 PTAMS 0x13cbfcb0 NTAMS 0x13cbfcb0 space 1024K,  74% used [0x13c00000, 0x13d00000)
AC   0  O    TS     0 PTAMS 0x13e00000 NTAMS 0x13e00000 space 1024K, 100% used [0x13d00000, 0x13e00000)
AC   0  O    TS     0 PTAMS 0x13effff8 NTAMS 0x13effff8 space 1024K,  99% used [0x13e00000, 0x13f00000)
AC   0  O    TS     0 PTAMS 0x13fffad0 NTAMS 0x13fffad0 space 1024K,  99% used [0x13f00000, 0x14000000)
AC   0  O    TS     0 PTAMS 0x140ffff8 NTAMS 0x140ffff8 space 1024K,  99% used [0x14000000, 0x14100000)
AC   0  O    TS     0 PTAMS 0x141ffff8 NTAMS 0x141ffff8 space 1024K,  99% used [0x14100000, 0x14200000)
AC   0  O    TS     0 PTAMS 0x142fffb0 NTAMS 0x142fffb0 space 1024K,  99% used [0x14200000, 0x14300000)
AC   0 HS    TS     0 PTAMS 0x143bfcb0 NTAMS 0x143bfcb0 space 1024K,  74% used [0x14300000, 0x14400000)
AC   0 HS    TS     0 PTAMS 0x144bfcb0 NTAMS 0x144bfcb0 space 1024K,  74% used [0x14400000, 0x14500000)
AC   0  O    TS     0 PTAMS 0x145413e0 NTAMS 0x145413e0 space 1024K,  25% used [0x14500000, 0x14600000)
AC   0 HS    TS     0 PTAMS 0x146bfcb0 NTAMS 0x146bfcb0 space 1024K,  74% used [0x14600000, 0x14700000)
AC   0 HS    TS     0 PTAMS 0x147bfcb0 NTAMS 0x147bfcb0 space 1024K,  74% used [0x14700000, 0x14800000)
AC   0 HS    TS     0 PTAMS 0x148bfcb0 NTAMS 0x148bfcb0 space 1024K,  74% used [0x14800000, 0x14900000)
AC   0 HS    TS     0 PTAMS 0x149bfcb0 NTAMS 0x149bfcb0 space 1024K,  74% used [0x14900000, 0x14a00000)
AC   0 HS    TS     0 PTAMS 0x14abfcb0 NTAMS 0x14abfcb0 space 1024K,  74% used [0x14a00000, 0x14b00000)
AC   0 HS    TS     0 PTAMS 0x14cef510 NTAMS 0x14cef510 space 2048K,  96% used [0x14b00000, 0x14d00000)
AC   0 HC    TS     0 PTAMS 0x14c00000 NTAMS 0x14c00000 space 1024K,  93% used [0x14c00000, 0x14d00000)
AC   0 HS    TS     0 PTAMS 0x150c0790 NTAMS 0x150c0790 space 4096K,  93% used [0x14d00000, 0x15100000)
AC   0 HC    TS     0 PTAMS 0x14e00000 NTAMS 0x14e00000 space 1024K, 100% used [0x14e00000, 0x14f00000)
AC   0 HC    TS     0 PTAMS 0x14f00000 NTAMS 0x14f00000 space 1024K, 100% used [0x14f00000, 0x15000000)
AC   0 HC    TS     0 PTAMS 0x15000000 NTAMS 0x15000000 space 1024K,  75% used [0x15000000, 0x15100000)
AC   0  F    TS     0 PTAMS 0x15100000 NTAMS 0x15100000 space 1024K,   0% used [0x15100000, 0x15200000)
AC   0  E    TS     1 PTAMS 0x15200000 NTAMS 0x15200000 space 1024K,   6% used [0x15200000, 0x15300000)
AC   0  S CS TS     3 PTAMS 0x15300000 NTAMS 0x15300000 space 1024K,   3% used [0x15300000, 0x15400000)
AC   0 HS    TS     0 PTAMS 0x154bfcb0 NTAMS 0x154bfcb0 space 1024K,  74% used [0x15400000, 0x15500000)
AC   0 HS    TS     0 PTAMS 0x155bfcb0 NTAMS 0x155bfcb0 space 1024K,  74% used [0x15500000, 0x15600000)
AC   0 HS    TS     0 PTAMS 0x156bfcb0 NTAMS 0x156bfcb0 space 1024K,  74% used [0x15600000, 0x15700000)
AC   0 HS    TS     0 PTAMS 0x157bfcb0 NTAMS 0x157bfcb0 space 1024K,  74% used [0x15700000, 0x15800000)
AC   0 HS    TS     0 PTAMS 0x158bfcb0 NTAMS 0x158bfcb0 space 1024K,  74% used [0x15800000, 0x15900000)
AC   0 HS    TS     0 PTAMS 0x159bfcb0 NTAMS 0x159bfcb0 space 1024K,  74% used [0x15900000, 0x15a00000)
AC   0 HS    TS     0 PTAMS 0x15abfcb0 NTAMS 0x15abfcb0 space 1024K,  74% used [0x15a00000, 0x15b00000)
AC   0 HS    TS     0 PTAMS 0x15c7e090 NTAMS 0x15c7e090 space 2048K,  74% used [0x15b00000, 0x15d00000)
AC   0 HC    TS     0 PTAMS 0x15c00000 NTAMS 0x15c00000 space 1024K,  49% used [0x15c00000, 0x15d00000)

Card table byte_map: [0x23280000,0x23300000] byte_map_base: 0x231e7000

Marking Bits (Prev, Next): (CMBitMap*) 0x031d6bf4, (CMBitMap*) 0x031d6bc8
 Prev Bits: [0x23780000, 0x23b80000)
 Next Bits: [0x23380000, 0x23780000)

Polling page: 0x02ef0000

CodeCache: size=245760Kb used=14119Kb max_used=14152Kb free=231640Kb
 bounds [0x034b0000, 0x04298000, 0x124b0000]
 total_blobs=5576 nmethods=5259 adapters=228
 compilation: enabled

Compilation events (10 events):
Event: 41.873 Thread 0x24f73800 nmethod 6119 0x0426e408 code [0x0426e620, 0x04270604]
Event: 41.874 Thread 0x24f73800 6125       4       java.util.regex.Pattern$BmpCharProperty::match (50 bytes)
Event: 41.876 Thread 0x24f73800 nmethod 6125 0x0426ca88 code [0x0426cba0, 0x0426cd10]
Event: 41.876 Thread 0x24f73800 6124       4       java.lang.String::codePointAt (36 bytes)
Event: 41.878 Thread 0x24f73800 nmethod 6124 0x0426c788 code [0x0426c880, 0x0426c950]
Event: 41.878 Thread 0x24f73800 6129       4       java.lang.Character::codePointAtImpl (41 bytes)
Event: 41.878 Thread 0x24f73800 nmethod 6129 0x0426c508 code [0x0426c600, 0x0426c690]
Event: 41.883 Thread 0x24f73800 6134       4       java.awt.EventQueue::getNextEventPrivate (76 bytes)
Event: 41.897 Thread 0x24f73800 nmethod 6134 0x0426bd48 code [0x0426be60, 0x0426c290]
Event: 42.462 Thread 0x24f77800 nmethod 6100 0x0427d208 code [0x0427d8e0, 0x04284d70]

GC Heap History (10 events):
Event: 40.468 GC heap before
{Heap before GC invocations=118 (full 2):
 garbage-first heap   total 44032K, used 35022K [0x13200000, 0x133000ac, 0x23200000)
  region size 1024K, 2 young (2048K), 1 survivors (1024K)
 Metaspace       used 27623K, capacity 27969K, committed 28160K, reserved 29056K
Event: 40.562 GC heap after
Heap after GC invocations=119 (full 3):
 garbage-first heap   total 40960K, used 34946K [0x13200000, 0x133000a0, 0x23200000)
  region size 1024K, 0 young (0K), 0 survivors (0K)
 Metaspace       used 27623K, capacity 27969K, committed 28160K, reserved 29056K
}
Event: 40.563 GC heap before
{Heap before GC invocations=119 (full 3):
 garbage-first heap   total 40960K, used 34946K [0x13200000, 0x133000a0, 0x23200000)
  region size 1024K, 0 young (0K), 0 survivors (0K)
 Metaspace       used 27623K, capacity 27969K, committed 28160K, reserved 29056K
Event: 40.565 GC heap after
Heap after GC invocations=120 (full 3):
 garbage-first heap   total 40960K, used 34946K [0x13200000, 0x133000a0, 0x23200000)
  region size 1024K, 0 young (0K), 0 survivors (0K)
 Metaspace       used 27623K, capacity 27969K, committed 28160K, reserved 29056K
}
Event: 40.565 GC heap before
{Heap before GC invocations=120 (full 3):
 garbage-first heap   total 40960K, used 34946K [0x13200000, 0x133000a0, 0x23200000)
  region size 1024K, 0 young (0K), 0 survivors (0K)
 Metaspace       used 27623K, capacity 27969K, committed 28160K, reserved 29056K
Event: 40.568 GC heap after
Heap after GC invocations=121 (full 3):
 garbage-first heap   total 40960K, used 34946K [0x13200000, 0x133000a0, 0x23200000)
  region size 1024K, 0 young (0K), 0 survivors (0K)
 Metaspace       used 27623K, capacity 27969K, committed 28160K, reserved 29056K
}
Event: 41.742 GC heap before
{Heap before GC invocations=122 (full 3):
 garbage-first heap   total 41984K, used 35970K [0x13200000, 0x133000a4, 0x23200000)
  region size 1024K, 1 young (1024K), 0 survivors (0K)
 Metaspace       used 27631K, capacity 28001K, committed 28160K, reserved 29056K
Event: 41.745 GC heap after
Heap after GC invocations=123 (full 3):
 garbage-first heap   total 43008K, used 35010K [0x13200000, 0x133000a8, 0x23200000)
  region size 1024K, 1 young (1024K), 1 survivors (1024K)
 Metaspace       used 27631K, capacity 28001K, committed 28160K, reserved 29056K
}
Event: 42.379 GC heap before
{Heap before GC invocations=123 (full 3):
 garbage-first heap   total 43008K, used 36034K [0x13200000, 0x133000a8, 0x23200000)
  region size 1024K, 2 young (2048K), 1 survivors (1024K)
 Metaspace       used 27636K, capacity 28001K, committed 28160K, reserved 29056K
Event: 42.381 GC heap after
Heap after GC invocations=124 (full 3):
 garbage-first heap   total 44032K, used 34983K [0x13200000, 0x133000ac, 0x23200000)
  region size 1024K, 1 young (1024K), 1 survivors (1024K)
 Metaspace       used 27636K, capacity 28001K, committed 28160K, reserved 29056K
}

Deoptimization events (10 events):
Event: 35.032 Thread 0x25b30000 Uncommon trap: reason=bimorphic action=maybe_recompile pc=0x03fe1ba8 method=javax.swing.RepaintManager.addDirtyRegion0(Ljava/awt/Container;IIII)V @ 23
Event: 35.172 Thread 0x25b30000 Uncommon trap: reason=unstable_if action=reinterpret pc=0x041d2aa4 method=sun.font.CMap$CMapFormat12.getGlyph(I)C @ 64
Event: 36.310 Thread 0x25b30000 Uncommon trap: reason=bimorphic action=maybe_recompile pc=0x03d1f540 method=java.util.regex.Pattern$Slice.match(Ljava/util/regex/Matcher;ILjava/lang/CharSequence;)Z @ 75
Event: 41.726 Thread 0x25b30000 Uncommon trap: reason=array_check action=maybe_recompile pc=0x0421a20c method=org.antlr.v4.runtime.misc.Array2DHashSet.getOrAddImpl(Ljava/lang/Object;)Ljava/lang/Object; @ 74
Event: 41.726 Thread 0x25b30000 Uncommon trap: reason=array_check action=maybe_recompile pc=0x0421a20c method=org.antlr.v4.runtime.misc.Array2DHashSet.getOrAddImpl(Ljava/lang/Object;)Ljava/lang/Object; @ 74
Event: 41.726 Thread 0x25b30000 Uncommon trap: reason=array_check action=maybe_recompile pc=0x0423a154 method=org.antlr.v4.runtime.misc.Array2DHashSet.getOrAddImpl(Ljava/lang/Object;)Ljava/lang/Object; @ 74
Event: 41.726 Thread 0x25b30000 Uncommon trap: reason=array_check action=maybe_recompile pc=0x04209e4c method=org.antlr.v4.runtime.misc.Array2DHashSet.getOrAddImpl(Ljava/lang/Object;)Ljava/lang/Object; @ 74
Event: 41.727 Thread 0x25b30000 Uncommon trap: reason=array_check action=maybe_recompile pc=0x03c387a4 method=org.antlr.v4.runtime.misc.Array2DHashSet.getOrAddImpl(Ljava/lang/Object;)Ljava/lang/Object; @ 128
Event: 41.727 Thread 0x25b30000 Uncommon trap: reason=array_check action=maybe_recompile pc=0x03c386d8 method=org.antlr.v4.runtime.misc.Array2DHashSet.getOrAddImpl(Ljava/lang/Object;)Ljava/lang/Object; @ 74
Event: 41.757 Thread 0x25b30000 Uncommon trap: reason=bimorphic action=maybe_recompile pc=0x03d1f540 method=java.util.regex.Pattern$Slice.match(Ljava/util/regex/Matcher;ILjava/lang/CharSequence;)Z @ 75

Classes redefined (0 events):
No events

Internal exceptions (10 events):
Event: 37.723 Thread 0x27a2d000 Exception <a 'java/lang/InterruptedException'> (0x1525fef8) thrown at [C:\workspace\8-2-build-windows-i586-cygwin\jdk8u181\11358\hotspot\src\share\vm\runtime\objectMonitor.cpp, line 1684]
Event: 37.734 Thread 0x27a2b400 Exception <a 'java/lang/InterruptedException': sleep interrupted> (0x152676e0) thrown at [C:\workspace\8-2-build-windows-i586-cygwin\jdk8u181\11358\hotspot\src\share\vm\prims\jvm.cpp, line 3273]
Event: 37.735 Thread 0x27a27800 Exception <a 'java/lang/InterruptedException': sleep interrupted> (0x15264cb0) thrown at [C:\workspace\8-2-build-windows-i586-cygwin\jdk8u181\11358\hotspot\src\share\vm\prims\jvm.cpp, line 3273]
Event: 37.936 Thread 0x27a2dc00 Exception <a 'java/lang/InterruptedException': sleep interrupted> (0x152a7fe8) thrown at [C:\workspace\8-2-build-windows-i586-cygwin\jdk8u181\11358\hotspot\src\share\vm\prims\jvm.cpp, line 3273]
Event: 37.955 Thread 0x27a2d400 Exception <a 'java/lang/InterruptedException'> (0x1530f3d0) thrown at [C:\workspace\8-2-build-windows-i586-cygwin\jdk8u181\11358\hotspot\src\share\vm\runtime\objectMonitor.cpp, line 1684]
Event: 38.080 Thread 0x27a28400 Exception <a 'java/lang/InterruptedException'> (0x15306590) thrown at [C:\workspace\8-2-build-windows-i586-cygwin\jdk8u181\11358\hotspot\src\share\vm\runtime\objectMonitor.cpp, line 1684]
Event: 38.318 Thread 0x25e8d800 Exception <a 'java/lang/InterruptedException': sleep interrupted> (0x1534c2a8) thrown at [C:\workspace\8-2-build-windows-i586-cygwin\jdk8u181\11358\hotspot\src\share\vm\prims\jvm.cpp, line 3273]
Event: 38.318 Thread 0x25e90800 Exception <a 'java/lang/InterruptedException': sleep interrupted> (0x1534d5b8) thrown at [C:\workspace\8-2-build-windows-i586-cygwin\jdk8u181\11358\hotspot\src\share\vm\prims\jvm.cpp, line 3273]
Event: 38.339 Thread 0x25e8f000 Exception <a 'java/lang/InterruptedException'> (0x15353c60) thrown at [C:\workspace\8-2-build-windows-i586-cygwin\jdk8u181\11358\hotspot\src\share\vm\runtime\objectMonitor.cpp, line 1684]
Event: 38.585 Thread 0x2744c400 Exception <a 'java/lang/InterruptedException'> (0x15369470) thrown at [C:\workspace\8-2-build-windows-i586-cygwin\jdk8u181\11358\hotspot\src\share\vm\runtime\objectMonitor.cpp, line 1684]

Events (10 events):
Event: 41.727 Thread 0x25b30000 DEOPT PACKING pc=0x03c386d8 sp=0x2670e660
Event: 41.727 Thread 0x25b30000 DEOPT UNPACKING pc=0x034eae3c sp=0x2670e654 mode 2
Event: 41.742 Executing VM operation: G1IncCollectionPause
Event: 41.745 Executing VM operation: G1IncCollectionPause done
Event: 41.757 Thread 0x25b30000 Uncommon trap: trap_request=0xffffffc6 fr.pc=0x03d1f540
Event: 41.757 Thread 0x25b30000 DEOPT PACKING pc=0x03d1f540 sp=0x2670ea40
Event: 41.757 Thread 0x25b30000 DEOPT UNPACKING pc=0x034eae3c sp=0x2670ea1c mode 2
Event: 42.341 Thread 0x2744c400 Thread added: 0x2744c400
Event: 42.379 Executing VM operation: G1IncCollectionPause
Event: 42.381 Executing VM operation: G1IncCollectionPause done


Dynamic libraries:
0x00bd0000 - 0x00c03000 	C:\ProgramData\UNIVALI\Portugol Studio\java\java-windows\bin\javaw.exe
0x77520000 - 0x776c9000 	C:\Windows\SYSTEM32\ntdll.dll
0x75a10000 - 0x75b00000 	C:\Windows\System32\KERNEL32.DLL
0x75690000 - 0x758e2000 	C:\Windows\System32\KERNELBASE.dll
0x75b90000 - 0x75c0b000 	C:\Windows\System32\ADVAPI32.dll
0x76c90000 - 0x76d52000 	C:\Windows\System32\msvcrt.dll
0x75460000 - 0x754da000 	C:\Windows\System32\sechost.dll
0x753a0000 - 0x7545c000 	C:\Windows\System32\RPCRT4.dll
0x75fb0000 - 0x7615c000 	C:\Windows\System32\USER32.dll
0x75580000 - 0x7559a000 	C:\Windows\System32\win32u.dll
0x76c60000 - 0x76c82000 	C:\Windows\System32\GDI32.dll
0x771a0000 - 0x7727f000 	C:\Windows\System32\gdi32full.dll
0x75610000 - 0x7568b000 	C:\Windows\System32\msvcp_win.dll
0x762e0000 - 0x763f2000 	C:\Windows\System32\ucrtbase.dll
0x74020000 - 0x74243000 	C:\Windows\WinSxS\x86_microsoft.windows.common-controls_6595b64144ccf1df_6.0.22000.120_none_e541a94fcce8ed6d\COMCTL32.dll
0x75cc0000 - 0x75ce5000 	C:\Windows\System32\IMM32.DLL
0x74f50000 - 0x74f7a000 	C:\Windows\system32\DriverStore\FileRepository\nvsmwu.inf_amd64_40e2f893a8ddfad8\nvinit.dll
0x75060000 - 0x75068000 	C:\Windows\SYSTEM32\VERSION.dll
0x76650000 - 0x76c51000 	C:\Windows\System32\Shell32.dll
0x74890000 - 0x74f31000 	C:\Windows\SYSTEM32\windows.storage.dll
0x77280000 - 0x7750b000 	C:\Windows\System32\combase.dll
0x747a0000 - 0x7488a000 	C:\Windows\SYSTEM32\wintypes.dll
0x752c0000 - 0x75381000 	C:\Windows\System32\SHCORE.dll
0x75c70000 - 0x75cba000 	C:\Windows\System32\shlwapi.dll
0x74770000 - 0x74776000 	C:\Program Files (x86)\NVIDIA Corporation\CoProcManager\_etoured.dll
0x74730000 - 0x74762000 	C:\Program Files (x86)\NVIDIA Corporation\CoProcManager\nvd3d9wrap.dll
0x76d60000 - 0x7719b000 	C:\Windows\System32\SETUPAPI.dll
0x74700000 - 0x7472e000 	C:\Windows\SYSTEM32\dxcore.dll
0x746a0000 - 0x746c0000 	C:\Program Files (x86)\NVIDIA Corporation\CoProcManager\nvdxgiwrap.dll
0x6dd50000 - 0x6de0f000 	C:\ProgramData\UNIVALI\Portugol Studio\java\java-windows\jre\bin\msvcr100.dll
0x6d280000 - 0x6d8ad000 	C:\ProgramData\UNIVALI\Portugol Studio\java\java-windows\jre\bin\server\jvm.dll
0x754e0000 - 0x754e6000 	C:\Windows\System32\PSAPI.DLL
0x6dd40000 - 0x6dd48000 	C:\Windows\SYSTEM32\WSOCK32.dll
0x6f8e0000 - 0x6f911000 	C:\Windows\SYSTEM32\WINMM.dll
0x75b20000 - 0x75b84000 	C:\Windows\System32\WS2_32.dll
0x6dd10000 - 0x6dd40000 	C:\ProgramData\UNIVALI\Portugol Studio\java\java-windows\jre\bin\splashscreen.dll
0x73f90000 - 0x74012000 	C:\Windows\system32\uxtheme.dll
0x6dd00000 - 0x6dd0c000 	C:\ProgramData\UNIVALI\Portugol Studio\java\java-windows\jre\bin\verify.dll
0x6dcd0000 - 0x6dcf2000 	C:\ProgramData\UNIVALI\Portugol Studio\java\java-windows\jre\bin\java.dll
0x76400000 - 0x764da000 	C:\Windows\System32\MSCTF.dll
0x6dcb0000 - 0x6dcc4000 	C:\ProgramData\UNIVALI\Portugol Studio\java\java-windows\jre\bin\zip.dll
0x73a00000 - 0x73a12000 	C:\Windows\SYSTEM32\kernel.appcore.dll
0x75cf0000 - 0x75d54000 	C:\Windows\System32\bcryptPrimitives.dll
0x6d190000 - 0x6d271000 	C:\Windows\SYSTEM32\textinputframework.dll
0x76240000 - 0x762dc000 	C:\Windows\System32\OLEAUT32.dll
0x6d0c0000 - 0x6d18b000 	C:\Windows\SYSTEM32\CoreMessaging.dll
0x6ce20000 - 0x6d0b3000 	C:\Windows\SYSTEM32\CoreUIComponents.dll
0x74490000 - 0x7449b000 	C:\Windows\SYSTEM32\CRYPTBASE.DLL
0x74780000 - 0x74798000 	C:\Windows\SYSTEM32\profapi.dll
0x6ccd0000 - 0x6ce17000 	C:\ProgramData\UNIVALI\Portugol Studio\java\java-windows\jre\bin\awt.dll
0x6cc30000 - 0x6ccd0000 	C:\Windows\SYSTEM32\apphelp.dll
0x73590000 - 0x735b7000 	C:\Windows\system32\DWMAPI.DLL
0x6cb50000 - 0x6cc30000 	C:\Windows\system32\opengl32.dll
0x6dc60000 - 0x6dca1000 	C:\Windows\SYSTEM32\GLU32.dll
0x75d60000 - 0x75ead000 	C:\Windows\System32\ole32.dll
0x6dc40000 - 0x6dc55000 	C:\ProgramData\UNIVALI\Portugol Studio\java\java-windows\jre\bin\net.dll
0x75100000 - 0x75150000 	C:\Windows\system32\mswsock.dll
0x6c9e0000 - 0x6c9ef000 	C:\ProgramData\UNIVALI\Portugol Studio\java\java-windows\jre\bin\nio.dll
0x744d0000 - 0x744e3000 	C:\Windows\SYSTEM32\CRYPTSP.dll
0x744a0000 - 0x744cf000 	C:\Windows\system32\rsaenh.dll
0x74250000 - 0x7426f000 	C:\Windows\SYSTEM32\USERENV.dll
0x73a80000 - 0x73a99000 	C:\Windows\SYSTEM32\bcrypt.dll
0x75070000 - 0x75094000 	C:\Windows\SYSTEM32\IPHLPAPI.DLL
0x75390000 - 0x75397000 	C:\Windows\System32\NSI.dll
0x6e250000 - 0x6e265000 	C:\Windows\SYSTEM32\dhcpcsvc6.DLL
0x74540000 - 0x74557000 	C:\Windows\SYSTEM32\dhcpcsvc.DLL
0x6f830000 - 0x6f8df000 	C:\Windows\SYSTEM32\DNSAPI.dll
0x6c9b0000 - 0x6c9d4000 	C:\ProgramData\UNIVALI\Portugol Studio\java\java-windows\jre\bin\dcpr.dll
0x6c970000 - 0x6c9a9000 	C:\ProgramData\UNIVALI\Portugol Studio\java\java-windows\jre\bin\fontmanager.dll
0x6c930000 - 0x6c962000 	C:\ProgramData\UNIVALI\Portugol Studio\java\java-windows\jre\bin\t2k.dll
0x6c8f0000 - 0x6c922000 	C:\ProgramData\UNIVALI\Portugol Studio\java\java-windows\jre\bin\lcms.dll
0x6c860000 - 0x6c8f0000 	C:\Windows\WinSxS\x86_microsoft.windows.common-controls_6595b64144ccf1df_5.82.22000.1_none_6ec7c6847ea94424\comctl32.dll
0x73a20000 - 0x73a5b000 	C:\Windows\SYSTEM32\CFGMGR32.dll
0x76160000 - 0x761e2000 	C:\Windows\System32\clbcatq.dll
0x73790000 - 0x73861000 	C:\Windows\system32\propsys.dll
0x6c840000 - 0x6c854000 	C:\Windows\system32\NetworkExplorer.dll
0x738a0000 - 0x73a00000 	C:\Windows\SYSTEM32\WindowsCodecs.dll
0x6c7f0000 - 0x6c83d000 	C:\Windows\System32\thumbcache.dll
0x6fa90000 - 0x6faa9000 	C:\Windows\SYSTEM32\MPR.dll
0x6c7c0000 - 0x6c7e2000 	C:\Windows\System32\p9np.dll
0x6c7b0000 - 0x6c7ba000 	C:\Windows\System32\drprov.dll
0x6c790000 - 0x6c7aa000 	C:\Windows\System32\ntlanman.dll
0x6c770000 - 0x6c789000 	C:\Windows\System32\davclnt.dll
0x73aa0000 - 0x73aed000 	C:\Windows\System32\WINSTA.dll
0x74450000 - 0x74461000 	C:\Windows\System32\wkscli.dll
0x734b0000 - 0x734be000 	C:\Windows\SYSTEM32\cscapi.dll
0x74470000 - 0x7447b000 	C:\Windows\System32\netutils.dll
0x6c720000 - 0x6c768000 	C:\Windows\System32\dlnashext.dll
0x6c6d0000 - 0x6c71c000 	C:\Windows\System32\PlayToDevice.dll
0x6c6b0000 - 0x6c6cc000 	C:\Windows\System32\DevDispItemProvider.dll
0x6c630000 - 0x6c6ab000 	C:\Windows\System32\MMDevApi.dll
0x6c600000 - 0x6c624000 	C:\Windows\System32\DEVOBJ.dll
0x6c570000 - 0x6c5ff000 	C:\Windows\system32\wpdshext.dll
0x75150000 - 0x752bb000 	C:\Windows\WinSxS\x86_microsoft.windows.gdiplus_6595b64144ccf1df_1.1.22000.318_none_1634a27527742bf0\gdiplus.dll
0x6c4e0000 - 0x6c564000 	C:\Windows\System32\PortableDeviceApi.dll
0x761f0000 - 0x7623f000 	C:\Windows\System32\WINTRUST.dll
0x75eb0000 - 0x75fae000 	C:\Windows\System32\CRYPT32.dll
0x74f40000 - 0x74f4e000 	C:\Windows\SYSTEM32\MSASN1.dll
0x6c490000 - 0x6c4d1000 	C:\Windows\system32\audiodev.dll
0x6c2c0000 - 0x6c48d000 	C:\Windows\system32\WMVCore.DLL
0x6c270000 - 0x6c2b1000 	C:\Windows\system32\WMASF.DLL
0x6de20000 - 0x6de2b000 	C:\Windows\SYSTEM32\LINKINFO.dll
0x746f0000 - 0x746fa000 	C:\Windows\SYSTEM32\Secur32.dll
0x746c0000 - 0x746e5000 	C:\Windows\SYSTEM32\SSPICLI.DLL
0x6c250000 - 0x6c270000 	C:\ProgramData\UNIVALI\Portugol Studio\java\java-windows\jre\bin\sunec.dll
0x6c240000 - 0x6c249000 	C:\ProgramData\UNIVALI\Portugol Studio\java\java-windows\jre\bin\sunmscapi.dll
0x6efa0000 - 0x6efa8000 	C:\Windows\System32\rasadhlp.dll
0x6ef40000 - 0x6ef9b000 	C:\Windows\System32\fwpuclnt.dll
0x6c1f0000 - 0x6c23e000 	C:\Windows\system32\dataexchange.dll
0x6ead0000 - 0x6ecc8000 	C:\Windows\system32\twinapi.appcore.dll
0x6c1d0000 - 0x6c1e2000 	C:\Windows\system32\napinsp.dll
0x6c1b0000 - 0x6c1c6000 	C:\Windows\system32\pnrpnsp.dll
0x6c1a0000 - 0x6c1ae000 	C:\Windows\System32\winrnr.dll
0x6c180000 - 0x6c191000 	C:\Windows\system32\wshbth.dll
0x6c160000 - 0x6c179000 	C:\Windows\system32\nlansp_c.dll
0x6c130000 - 0x6c156000 	C:\ProgramData\UNIVALI\Portugol Studio\java\java-windows\jre\bin\jpeg.dll
0x732b0000 - 0x73477000 	C:\Windows\SYSTEM32\dbghelp.dll

VM Arguments:
jvm_args: -Xms32m -Xmx256m -XX:MinHeapFreeRatio=5 -XX:MaxHeapFreeRatio=10 -XX:+UseG1GC -XX:+CMSClassUnloadingEnabled 
java_command: C:\ProgramData\UNIVALI\Portugol Studio/aplicacao/portugol-studio.jar C:\Users\Isabe\Documents\Generation\Exercicios Generation\Portugol\Exercicio 03.por
java_class_path (initial): C:\ProgramData\UNIVALI\Portugol Studio/aplicacao/portugol-studio.jar
Launcher Type: SUN_STANDARD

Environment Variables:
PATH=C:\Program Files\Common Files\Oracle\Java\javapath;C:\Program Files (x86)\Common Files\Oracle\Java\javapath;C:\Windows\system32;C:\Windows;C:\Windows\System32\Wbem;C:\Windows\System32\WindowsPowerShell\v1.0\;C:\Windows\System32\OpenSSH\;C:\Program Files\Git\cmd;C:\ProgramData\UNIVALI\Portugol Studio;C:\Program Files\nodejs\;C:\Users\Isabe\AppData\Local\Microsoft\WindowsApps;;C:\Users\Isabe\AppData\Local\Programs\Microsoft VS Code\bin;C:\Users\Isabe\AppData\Roaming\npm
USERNAME=Isabe
OS=Windows_NT
PROCESSOR_IDENTIFIER=Intel64 Family 6 Model 42 Stepping 7, GenuineIntel



---------------  S Y S T E M  ---------------

OS: Windows 10.0 , 64 bit Build 22000 (10.0.22000.318)

CPU:total 8 (initial active 8) (4 cores per cpu, 2 threads per core) family 6 model 42 stepping 7, cmov, cx8, fxsr, mmx, sse, sse2, sse3, ssse3, sse4.1, sse4.2, popcnt, avx, aes, clmul, ht, tsc, tscinvbit

Memory: 4k page, physical 12493104k(8444816k free), swap 14983472k(11021860k free)

vm_info: Java HotSpot(TM) Server VM (25.181-b13) for windows-x86 JRE (1.8.0_181-b13), built on Jul  7 2018 03:15:00 by "java_re" with MS VC++ 10.0 (VS2010)

time: Mon Nov 29 20:44:25 2021
elapsed time: 42 seconds (0d 0h 0m 42s)

